<?xml version="1.0" encoding="UTF-8"?>
<!-- Generated by org.testng.reporters.JUnitXMLReporter -->
<testsuite ignored="0" hostname="DESKTOP-DSEA4EC" failures="0" tests="3" name="Default test" time="5.845" errors="0" timestamp="07 Mar 2021 00:11:20 GMT">
  <testcase classname="com.qa.opencart.tests.LoginPageTest" name="loginPageTitleTest" time="0.032"/>
  <testcase classname="com.qa.opencart.tests.LoginPageTest" name="forgotPwdLinkTest" time="0.078"/>
  <testcase classname="com.qa.opencart.tests.LoginPageTest" name="loginTest" time="1.217"/>
</testsuite> <!-- Default test -->
