<?xml version="1.0" encoding="UTF-8"?>
<!-- Generated by org.testng.reporters.JUnitXMLReporter -->
<testsuite hostname="DESKTOP-DSEA4EC" ignored="0" name="Accounts Page Test" tests="6" failures="0" timestamp="08 Mar 2021 19:35:12 GMT" time="10.458" errors="0">
  <testcase name="accPageTitleTest" time="0.022" classname="com.qa.opencart.base.AccountsPageTest"/>
  <testcase name="accPageLogoTest" time="0.087" classname="com.qa.opencart.base.AccountsPageTest"/>
  <testcase name="accPageSectionsCountTest" time="0.03" classname="com.qa.opencart.base.AccountsPageTest"/>
  <testcase name="accPageSectionsTest" time="0.11" classname="com.qa.opencart.base.AccountsPageTest"/>
  <testcase name="searchTest" time="0.839" classname="com.qa.opencart.base.AccountsPageTest"/>
  <testcase name="selectProductTest" time="2.164" classname="com.qa.opencart.base.AccountsPageTest"/>
</testsuite> <!-- Accounts Page Test -->
