<?xml version="1.0" encoding="UTF-8"?>
<!-- Generated by org.testng.reporters.JUnitXMLReporter -->
<testsuite hostname="DESKTOP-DSEA4EC" ignored="0" name="Login Page Test" tests="3" failures="0" timestamp="08 Mar 2021 19:35:09 GMT" time="7.962" errors="0">
  <testcase name="loginPageTitleTest" time="0.158" classname="com.qa.opencart.tests.LoginPageTest"/>
  <testcase name="forgotPwdLinkTest" time="0.16" classname="com.qa.opencart.tests.LoginPageTest"/>
  <testcase name="loginTest" time="1.479" classname="com.qa.opencart.tests.LoginPageTest"/>
</testsuite> <!-- Login Page Test -->
