<?xml version="1.0" encoding="UTF-8"?>
<testng-results ignored="0" total="10" passed="10" failed="0" skipped="0">
  <reporter-output>
  </reporter-output>
  <suite started-at="2021-03-08T18:48:11Z" name="Demo Cart App Regression Test Suite" finished-at="2021-03-08T18:48:21Z" duration-ms="10449">
    <groups>
    </groups>
    <test started-at="2021-03-08T18:48:11Z" name="Login Page Test" finished-at="2021-03-08T18:48:18Z" duration-ms="7450">
      <class name="com.qa.opencart.tests.LoginPageTest">
        <test-method is-config="true" signature="setUp()[pri:0, instance:com.qa.opencart.tests.LoginPageTest@8c3b9d]" started-at="2021-03-08T18:48:11Z" name="setUp" finished-at="2021-03-08T18:48:16Z" duration-ms="4947" status="PASS">
          <reporter-output>
          </reporter-output>
        </test-method> <!-- setUp -->
        <test-method signature="loginPageTitleTest()[pri:1, instance:com.qa.opencart.tests.LoginPageTest@8c3b9d]" started-at="2021-03-08T18:48:16Z" name="loginPageTitleTest" finished-at="2021-03-08T18:48:16Z" duration-ms="34" status="PASS">
          <reporter-output>
          </reporter-output>
        </test-method> <!-- loginPageTitleTest -->
        <test-method signature="forgotPwdLinkTest()[pri:2, instance:com.qa.opencart.tests.LoginPageTest@8c3b9d]" started-at="2021-03-08T18:48:16Z" name="forgotPwdLinkTest" finished-at="2021-03-08T18:48:16Z" duration-ms="168" status="PASS">
          <reporter-output>
          </reporter-output>
        </test-method> <!-- forgotPwdLinkTest -->
        <test-method signature="loginTest()[pri:3, instance:com.qa.opencart.tests.LoginPageTest@8c3b9d]" started-at="2021-03-08T18:48:16Z" name="loginTest" finished-at="2021-03-08T18:48:17Z" duration-ms="1445" status="PASS">
          <reporter-output>
          </reporter-output>
        </test-method> <!-- loginTest -->
        <test-method is-config="true" signature="tearDown()[pri:0, instance:com.qa.opencart.tests.LoginPageTest@8c3b9d]" started-at="2021-03-08T18:48:17Z" name="tearDown" finished-at="2021-03-08T18:48:18Z" duration-ms="816" status="PASS">
          <reporter-output>
          </reporter-output>
        </test-method> <!-- tearDown -->
      </class> <!-- com.qa.opencart.tests.LoginPageTest -->
    </test> <!-- Login Page Test -->
    <test started-at="2021-03-08T18:48:11Z" name="ProductInfo Page Test" finished-at="2021-03-08T18:48:20Z" duration-ms="9850">
      <class name="com.qa.opencart.tests.ProductInfoPageTest">
        <test-method is-config="true" signature="setUp()[pri:0, instance:com.qa.opencart.tests.ProductInfoPageTest@3f56875e]" started-at="2021-03-08T18:48:11Z" name="setUp" finished-at="2021-03-08T18:48:16Z" duration-ms="5185" status="PASS">
          <reporter-output>
          </reporter-output>
        </test-method> <!-- setUp -->
        <test-method is-config="true" signature="AccSetUp()[pri:0, instance:com.qa.opencart.tests.ProductInfoPageTest@3f56875e]" started-at="2021-03-08T18:48:16Z" name="AccSetUp" finished-at="2021-03-08T18:48:17Z" duration-ms="1474" status="PASS">
          <reporter-output>
          </reporter-output>
        </test-method> <!-- AccSetUp -->
        <test-method signature="productInfoDataTest()[pri:0, instance:com.qa.opencart.tests.ProductInfoPageTest@3f56875e]" started-at="2021-03-08T18:48:17Z" name="productInfoDataTest" finished-at="2021-03-08T18:48:20Z" duration-ms="2373" status="PASS">
          <reporter-output>
          </reporter-output>
        </test-method> <!-- productInfoDataTest -->
        <test-method is-config="true" signature="tearDown()[pri:0, instance:com.qa.opencart.tests.ProductInfoPageTest@3f56875e]" started-at="2021-03-08T18:48:20Z" name="tearDown" finished-at="2021-03-08T18:48:20Z" duration-ms="812" status="PASS">
          <reporter-output>
          </reporter-output>
        </test-method> <!-- tearDown -->
      </class> <!-- com.qa.opencart.tests.ProductInfoPageTest -->
    </test> <!-- ProductInfo Page Test -->
    <test started-at="2021-03-08T18:48:11Z" name="Accounts Page Test" finished-at="2021-03-08T18:48:21Z" duration-ms="10449">
      <class name="com.qa.opencart.base.AccountsPageTest">
        <test-method is-config="true" signature="setUp()[pri:0, instance:com.qa.opencart.base.AccountsPageTest@68567e20]" started-at="2021-03-08T18:48:11Z" name="setUp" finished-at="2021-03-08T18:48:16Z" duration-ms="5069" status="PASS">
          <reporter-output>
          </reporter-output>
        </test-method> <!-- setUp -->
        <test-method is-config="true" signature="AccSetUp()[pri:0, instance:com.qa.opencart.base.AccountsPageTest@68567e20]" started-at="2021-03-08T18:48:16Z" name="AccSetUp" finished-at="2021-03-08T18:48:17Z" duration-ms="1688" status="PASS">
          <reporter-output>
          </reporter-output>
        </test-method> <!-- AccSetUp -->
        <test-method signature="accPageTitleTest()[pri:1, instance:com.qa.opencart.base.AccountsPageTest@68567e20]" started-at="2021-03-08T18:48:17Z" name="accPageTitleTest" finished-at="2021-03-08T18:48:17Z" duration-ms="24" status="PASS">
          <reporter-output>
          </reporter-output>
        </test-method> <!-- accPageTitleTest -->
        <test-method signature="accPageLogoTest()[pri:2, instance:com.qa.opencart.base.AccountsPageTest@68567e20]" started-at="2021-03-08T18:48:17Z" name="accPageLogoTest" finished-at="2021-03-08T18:48:17Z" duration-ms="56" status="PASS">
          <reporter-output>
          </reporter-output>
        </test-method> <!-- accPageLogoTest -->
        <test-method signature="accPageSectionsCountTest()[pri:3, instance:com.qa.opencart.base.AccountsPageTest@68567e20]" started-at="2021-03-08T18:48:17Z" name="accPageSectionsCountTest" finished-at="2021-03-08T18:48:17Z" duration-ms="40" status="PASS">
          <reporter-output>
          </reporter-output>
        </test-method> <!-- accPageSectionsCountTest -->
        <test-method signature="accPageSectionsTest()[pri:4, instance:com.qa.opencart.base.AccountsPageTest@68567e20]" started-at="2021-03-08T18:48:17Z" name="accPageSectionsTest" finished-at="2021-03-08T18:48:18Z" duration-ms="81" status="PASS">
          <reporter-output>
          </reporter-output>
        </test-method> <!-- accPageSectionsTest -->
        <test-method signature="searchTest()[pri:5, instance:com.qa.opencart.base.AccountsPageTest@68567e20]" started-at="2021-03-08T18:48:18Z" name="searchTest" finished-at="2021-03-08T18:48:18Z" duration-ms="726" status="PASS">
          <reporter-output>
          </reporter-output>
        </test-method> <!-- searchTest -->
        <test-method signature="selectProductTest()[pri:6, instance:com.qa.opencart.base.AccountsPageTest@68567e20]" started-at="2021-03-08T18:48:18Z" name="selectProductTest" finished-at="2021-03-08T18:48:20Z" duration-ms="1833" status="PASS">
          <reporter-output>
          </reporter-output>
        </test-method> <!-- selectProductTest -->
        <test-method is-config="true" signature="tearDown()[pri:0, instance:com.qa.opencart.base.AccountsPageTest@68567e20]" started-at="2021-03-08T18:48:20Z" name="tearDown" finished-at="2021-03-08T18:48:21Z" duration-ms="919" status="PASS">
          <reporter-output>
          </reporter-output>
        </test-method> <!-- tearDown -->
      </class> <!-- com.qa.opencart.base.AccountsPageTest -->
    </test> <!-- Accounts Page Test -->
  </suite> <!-- Demo Cart App Regression Test Suite -->
</testng-results>
