<?xml version="1.0" encoding="UTF-8"?>
<!-- Generated by org.testng.reporters.JUnitXMLReporter -->
<testsuite ignored="0" hostname="DESKTOP-DSEA4EC" failures="0" tests="3" name="Login Page Test" time="7.45" errors="0" timestamp="08 Mar 2021 18:48:18 GMT">
  <testcase classname="com.qa.opencart.tests.LoginPageTest" name="loginPageTitleTest" time="0.034"/>
  <testcase classname="com.qa.opencart.tests.LoginPageTest" name="forgotPwdLinkTest" time="0.168"/>
  <testcase classname="com.qa.opencart.tests.LoginPageTest" name="loginTest" time="1.445"/>
</testsuite> <!-- Login Page Test -->
