<?xml version="1.0" encoding="UTF-8"?>
<!-- Generated by org.testng.reporters.JUnitReportReporter -->
<testsuite hostname="DESKTOP-DSEA4EC" failures="0" tests="6" name="com.qa.opencart.base.AccountsPageTest" time="2.760" errors="0" timestamp="08 Mar 2021 18:48:21 GMT" skipped="0">
  <testcase classname="com.qa.opencart.base.AccountsPageTest" name="accPageTitleTest" time="0.024"/>
  <testcase classname="com.qa.opencart.base.AccountsPageTest" name="accPageLogoTest" time="0.056"/>
  <testcase classname="com.qa.opencart.base.AccountsPageTest" name="accPageSectionsCountTest" time="0.040"/>
  <testcase classname="com.qa.opencart.base.AccountsPageTest" name="accPageSectionsTest" time="0.081"/>
  <testcase classname="com.qa.opencart.base.AccountsPageTest" name="searchTest" time="0.726"/>
  <testcase classname="com.qa.opencart.base.AccountsPageTest" name="selectProductTest" time="1.833"/>
</testsuite> <!-- com.qa.opencart.base.AccountsPageTest -->
